<?xml version="1.0" encoding="UTF-8" ?>
<testsuite errors="0" failures="0" name="org.me.hello.NameHandlerTest" tests="3" time="0.062">
  <properties>
[...]
</properties>
  <testcase classname="org.me.hello.NameHandlerTest" name="testGetUsername" time="0.0"></testcase>
  <testcase classname="org.me.hello.NameHandlerTest" name="testSetUsername" time="0.0"></testcase>
  <testcase classname="org.me.hello.NameHandlerTest" name="testAddnumber" time="0.0"></testcase>
  <system-out><![CDATA[getUsername
setUsername
addnumber
]]></system-out>
  <system-err><![CDATA[]]></system-err>
</testsuite>
